<component name="libraryTable">
  <library name="junit-4.8">
    <CLASSES>
      <root url="jar://$USER_HOME$/Documents/Tools/Lib/junit-4.8.jar!/" />
    </CLASSES>
    <JAVADOC />
    <SOURCES />
  </library>
</component>